10/05/2022 01:30:17 AM: INFO : ====== WebDriver manager ======
10/05/2022 01:30:17 AM: INFO : Get LATEST chromedriver version for google-chrome 106.0.5249
10/05/2022 01:30:18 AM: INFO : Driver [C:\Users\Gokul A\.wdm\drivers\chromedriver\win32\106.0.5249\chromedriver.exe] found in cache
10/05/2022 01:30:19 AM: INFO : ******************** Test_001_Login ***********************
10/05/2022 01:30:19 AM: INFO : ******************** Verifying the Homepage title ***********************
10/05/2022 01:30:22 AM: INFO : ******************** Homepage title test is passed ***********************
10/05/2022 01:30:38 AM: INFO : ====== WebDriver manager ======
10/05/2022 01:30:38 AM: INFO : Get LATEST chromedriver version for google-chrome 106.0.5249
10/05/2022 01:30:39 AM: INFO : Driver [C:\Users\Gokul A\.wdm\drivers\chromedriver\win32\106.0.5249\chromedriver.exe] found in cache
10/05/2022 01:30:40 AM: INFO : ******************** Verifying the login test ***********************
10/05/2022 01:30:44 AM: INFO : ******************** Login test is passed ***********************
10/05/2022 01:32:43 AM: INFO : ====== WebDriver manager ======
10/05/2022 01:32:43 AM: INFO : Get LATEST chromedriver version for google-chrome 106.0.5249
10/05/2022 01:32:44 AM: INFO : Driver [C:\Users\Gokul A\.wdm\drivers\chromedriver\win32\106.0.5249\chromedriver.exe] found in cache
10/05/2022 01:32:45 AM: INFO : ******************** Test_001_Login ***********************
10/05/2022 01:32:45 AM: INFO : ******************** Verifying the Homepage title ***********************
10/05/2022 01:32:50 AM: ERROR : ******************** Homepage title test is failed ***********************
10/05/2022 01:33:06 AM: INFO : ====== WebDriver manager ======
10/05/2022 01:33:07 AM: INFO : Get LATEST chromedriver version for google-chrome 106.0.5249
10/05/2022 01:33:07 AM: INFO : Driver [C:\Users\Gokul A\.wdm\drivers\chromedriver\win32\106.0.5249\chromedriver.exe] found in cache
10/05/2022 01:33:08 AM: INFO : ******************** Verifying the login test ***********************
10/05/2022 01:33:11 AM: INFO : ******************** Login test is passed ***********************
10/05/2022 01:35:17 AM: INFO : ====== WebDriver manager ======
10/05/2022 01:35:18 AM: INFO : Get LATEST chromedriver version for google-chrome 106.0.5249
10/05/2022 01:35:18 AM: INFO : Driver [C:\Users\Gokul A\.wdm\drivers\chromedriver\win32\106.0.5249\chromedriver.exe] found in cache
10/05/2022 01:35:19 AM: INFO : ******************** Test_001_Login ***********************
10/05/2022 01:35:19 AM: INFO : ******************** Verifying the Homepage title ***********************
10/05/2022 01:35:22 AM: ERROR : ******************** Homepage title test is failed ***********************
10/05/2022 01:35:39 AM: INFO : ====== WebDriver manager ======
10/05/2022 01:35:39 AM: INFO : Get LATEST chromedriver version for google-chrome 106.0.5249
10/05/2022 01:35:39 AM: INFO : Driver [C:\Users\Gokul A\.wdm\drivers\chromedriver\win32\106.0.5249\chromedriver.exe] found in cache
10/05/2022 01:35:41 AM: INFO : ******************** Verifying the login test ***********************
10/05/2022 01:35:48 AM: INFO : ******************** Login test is passed ***********************
10/05/2022 02:01:40 AM: INFO : ====== WebDriver manager ======
10/05/2022 02:01:41 AM: INFO : Get LATEST geckodriver version for 105.0 firefox
10/05/2022 02:01:42 AM: INFO : Getting latest mozilla release info for v0.31.0
10/05/2022 02:01:42 AM: INFO : About to download new driver from https://github.com/mozilla/geckodriver/releases/download/v0.31.0/geckodriver-v0.31.0-win64.zip
10/05/2022 02:01:44 AM: INFO : Driver has been saved in cache [C:\Users\Gokul A\.wdm\drivers\geckodriver\win64\0.31]
10/05/2022 02:01:52 AM: INFO : ******************** Test_001_Login ***********************
10/05/2022 02:01:52 AM: INFO : ******************** Verifying the Homepage title ***********************
10/05/2022 02:01:58 AM: ERROR : ******************** Homepage title test is failed ***********************
10/05/2022 02:01:59 AM: INFO : ====== WebDriver manager ======
10/05/2022 02:02:00 AM: INFO : Get LATEST geckodriver version for 105.0 firefox
10/05/2022 02:02:01 AM: INFO : Driver [C:\Users\Gokul A\.wdm\drivers\geckodriver\win64\0.31\geckodriver.exe] found in cache
10/05/2022 02:02:09 AM: INFO : ******************** Verifying the login test ***********************
10/05/2022 02:02:15 AM: INFO : ******************** Login test is passed ***********************
10/05/2022 02:02:39 AM: INFO : ====== WebDriver manager ======
10/05/2022 02:02:40 AM: INFO : Get LATEST chromedriver version for google-chrome 106.0.5249
10/05/2022 02:02:41 AM: INFO : Driver [C:\Users\Gokul A\.wdm\drivers\chromedriver\win32\106.0.5249\chromedriver.exe] found in cache
10/05/2022 02:02:43 AM: INFO : ******************** Test_001_Login ***********************
10/05/2022 02:02:43 AM: INFO : ******************** Verifying the Homepage title ***********************
10/05/2022 02:02:47 AM: INFO : ******************** Homepage title test is passed ***********************
10/05/2022 02:02:48 AM: INFO : ====== WebDriver manager ======
10/05/2022 02:02:48 AM: INFO : Get LATEST chromedriver version for google-chrome 106.0.5249
10/05/2022 02:02:49 AM: INFO : Driver [C:\Users\Gokul A\.wdm\drivers\chromedriver\win32\106.0.5249\chromedriver.exe] found in cache
10/05/2022 02:02:50 AM: INFO : ******************** Verifying the login test ***********************
10/05/2022 02:02:55 AM: INFO : ******************** Login test is passed ***********************
10/05/2022 02:09:01 AM: INFO : xdist worker is: gw0
10/05/2022 02:09:01 AM: INFO : ====== WebDriver manager ======
10/05/2022 02:09:01 AM: INFO : ====== WebDriver manager ======
10/05/2022 02:09:02 AM: INFO : Get LATEST chromedriver version for google-chrome 106.0.5249
10/05/2022 02:09:02 AM: INFO : Get LATEST chromedriver version for google-chrome 106.0.5249
10/05/2022 02:09:03 AM: INFO : There is no [win32] chromedriver for browser 106.0.5249 in cache
10/05/2022 02:09:03 AM: INFO : About to download new driver from https://chromedriver.storage.googleapis.com/106.0.5249.61/chromedriver_win32.zip
10/05/2022 02:09:03 AM: INFO : There is no [win32] chromedriver for browser 106.0.5249 in cache
10/05/2022 02:09:03 AM: INFO : About to download new driver from https://chromedriver.storage.googleapis.com/106.0.5249.61/chromedriver_win32.zip
10/05/2022 02:09:07 AM: INFO : Driver has been saved in cache [C:\Users\Gokul A\.wdm\gw0\drivers\chromedriver\win32\106.0.5249]
10/05/2022 02:09:07 AM: INFO : Driver has been saved in cache [C:\Users\Gokul A\.wdm\gw1\drivers\chromedriver\win32\106.0.5249]
10/05/2022 02:11:19 AM: INFO : xdist worker is: gw1
10/05/2022 02:11:19 AM: INFO : ====== WebDriver manager ======
10/05/2022 02:11:19 AM: INFO : xdist worker is: gw0
10/05/2022 02:11:19 AM: INFO : ====== WebDriver manager ======
10/05/2022 02:11:20 AM: INFO : Get LATEST chromedriver version for google-chrome 106.0.5249
10/05/2022 02:11:20 AM: INFO : Get LATEST chromedriver version for google-chrome 106.0.5249
10/05/2022 02:11:22 AM: INFO : Driver [C:\Users\Gokul A\.wdm\gw0\drivers\chromedriver\win32\106.0.5249\chromedriver.exe] found in cache
10/05/2022 02:11:22 AM: INFO : Driver [C:\Users\Gokul A\.wdm\gw1\drivers\chromedriver\win32\106.0.5249\chromedriver.exe] found in cache
10/05/2022 02:11:26 AM: INFO : ******************** Verifying the login test ***********************
10/05/2022 02:11:26 AM: INFO : ******************** Test_001_Login ***********************
10/05/2022 02:11:26 AM: INFO : ******************** Verifying the Homepage title ***********************
10/05/2022 02:11:29 AM: INFO : ******************** Homepage title test is passed ***********************
10/05/2022 02:11:30 AM: INFO : ******************** Login test is passed ***********************
10/05/2022 02:08:44 PM: INFO : xdist worker is: gw0
10/05/2022 02:08:44 PM: INFO : ====== WebDriver manager ======
10/05/2022 02:08:45 PM: INFO : Get LATEST chromedriver version for google-chrome 106.0.5249
10/05/2022 02:08:45 PM: INFO : Get LATEST chromedriver version for google-chrome 106.0.5249
10/05/2022 02:08:45 PM: INFO : Driver [C:\Users\Gokul A\.wdm\gw1\drivers\chromedriver\win32\106.0.5249\chromedriver.exe] found in cache
10/05/2022 02:08:48 PM: INFO : ******************** Verifying the login test ***********************
10/05/2022 02:08:48 PM: INFO : ******************** Test_001_Login ***********************
10/05/2022 02:08:48 PM: INFO : ******************** Verifying the Homepage title ***********************
10/05/2022 02:08:50 PM: INFO : ******************** Homepage title test is passed ***********************
10/05/2022 02:08:51 PM: INFO : ******************** Login test is passed ***********************
10/05/2022 07:01:57 PM: INFO : ====== WebDriver manager ======
10/05/2022 07:01:58 PM: INFO : Get LATEST geckodriver version for 105.0 firefox
10/05/2022 07:01:59 PM: INFO : Driver [C:\Users\Gokul A\.wdm\drivers\geckodriver\win64\0.31\geckodriver.exe] found in cache
10/05/2022 07:02:06 PM: INFO : ******************** Test_001_Login ***********************
10/05/2022 07:02:06 PM: INFO : ******************** Verifying the Homepage title ***********************
10/05/2022 07:02:10 PM: INFO : ******************** Homepage title test is passed ***********************
10/05/2022 07:02:11 PM: INFO : ====== WebDriver manager ======
10/05/2022 07:02:11 PM: INFO : Get LATEST geckodriver version for 105.0 firefox
10/05/2022 07:02:12 PM: INFO : Driver [C:\Users\Gokul A\.wdm\drivers\geckodriver\win64\0.31\geckodriver.exe] found in cache
10/05/2022 07:02:18 PM: INFO : ******************** Verifying the login test ***********************
10/05/2022 07:02:23 PM: ERROR : ******************** Login test is failed ***********************
10/06/2022 01:08:13 AM: INFO : ====== WebDriver manager ======
10/06/2022 01:08:14 AM: INFO : Get LATEST chromedriver version for google-chrome 106.0.5249
10/06/2022 01:08:14 AM: INFO : About to download new driver from https://chromedriver.storage.googleapis.com/106.0.5249.61/chromedriver_win32.zip
10/06/2022 01:08:18 AM: INFO : Driver has been saved in cache [C:\Users\Gokul A\.wdm\drivers\chromedriver\win32\106.0.5249]
10/06/2022 01:08:19 AM: INFO : ******************** Test_001_Login ***********************
10/06/2022 01:08:19 AM: INFO : ******************** Verifying the Homepage title ***********************
10/06/2022 01:08:23 AM: INFO : ******************** Homepage title test is passed ***********************
10/06/2022 01:08:23 AM: INFO : ====== WebDriver manager ======
10/06/2022 01:08:23 AM: INFO : Get LATEST chromedriver version for google-chrome 106.0.5249
10/06/2022 01:08:24 AM: INFO : Driver [C:\Users\Gokul A\.wdm\drivers\chromedriver\win32\106.0.5249\chromedriver.exe] found in cache
10/06/2022 01:08:25 AM: INFO : ******************** Verifying the login test ***********************
10/06/2022 01:08:30 AM: ERROR : ******************** Login test is failed ***********************
10/06/2022 01:10:15 AM: INFO : ====== WebDriver manager ======
10/06/2022 01:10:15 AM: INFO : Get LATEST chromedriver version for google-chrome 106.0.5249
10/06/2022 01:10:16 AM: INFO : Driver [C:\Users\Gokul A\.wdm\drivers\chromedriver\win32\106.0.5249\chromedriver.exe] found in cache
10/06/2022 01:10:17 AM: INFO : ******************** Test_001_Login ***********************
10/06/2022 01:10:17 AM: INFO : ******************** Verifying the Homepage title ***********************
10/06/2022 01:10:20 AM: INFO : ******************** Homepage title test is passed ***********************
10/06/2022 01:10:21 AM: INFO : ====== WebDriver manager ======
10/06/2022 01:10:21 AM: INFO : Get LATEST chromedriver version for google-chrome 106.0.5249
10/06/2022 01:10:22 AM: INFO : Driver [C:\Users\Gokul A\.wdm\drivers\chromedriver\win32\106.0.5249\chromedriver.exe] found in cache
10/06/2022 01:10:23 AM: INFO : ******************** Verifying the login test ***********************
10/06/2022 01:10:27 AM: INFO : ******************** Login test is passed ***********************
10/06/2022 01:14:30 AM: INFO : ====== WebDriver manager ======
10/06/2022 01:14:31 AM: INFO : Get LATEST chromedriver version for google-chrome 106.0.5249
10/06/2022 01:14:32 AM: INFO : Driver [C:\Users\Gokul A\.wdm\drivers\chromedriver\win32\106.0.5249\chromedriver.exe] found in cache
10/06/2022 01:14:33 AM: INFO : ******************** Test_001_Login ***********************
10/06/2022 01:14:33 AM: INFO : ******************** Verifying the Homepage title ***********************
10/06/2022 01:14:36 AM: INFO : ******************** Homepage title test is passed ***********************
10/06/2022 01:14:36 AM: INFO : ====== WebDriver manager ======
10/06/2022 01:14:36 AM: INFO : Get LATEST chromedriver version for google-chrome 106.0.5249
10/06/2022 01:14:37 AM: INFO : Driver [C:\Users\Gokul A\.wdm\drivers\chromedriver\win32\106.0.5249\chromedriver.exe] found in cache
10/06/2022 01:14:38 AM: INFO : ******************** Verifying the login test ***********************
10/06/2022 01:14:42 AM: INFO : ******************** Login test is passed ***********************
10/06/2022 01:16:07 AM: INFO : ====== WebDriver manager ======
10/06/2022 01:16:08 AM: INFO : Get LATEST chromedriver version for google-chrome 106.0.5249
10/06/2022 01:16:09 AM: INFO : Driver [C:\Users\Gokul A\.wdm\drivers\chromedriver\win32\106.0.5249\chromedriver.exe] found in cache
10/06/2022 01:16:10 AM: INFO : ******************** Test_001_Login ***********************
10/06/2022 01:16:10 AM: INFO : ******************** Verifying the Homepage title ***********************
10/06/2022 01:16:13 AM: ERROR : ******************** Homepage title test is failed ***********************
10/06/2022 01:16:30 AM: INFO : ====== WebDriver manager ======
10/06/2022 01:16:30 AM: INFO : Get LATEST chromedriver version for google-chrome 106.0.5249
10/06/2022 01:16:31 AM: INFO : Driver [C:\Users\Gokul A\.wdm\drivers\chromedriver\win32\106.0.5249\chromedriver.exe] found in cache
10/06/2022 01:16:32 AM: INFO : ******************** Verifying the login test ***********************
10/06/2022 01:16:36 AM: INFO : ******************** Login test is passed ***********************
